<?xml version="1.0" encoding="UTF-8"?>
<coverage generated="1670855734843" clover="3.2.0">
  <project timestamp="1670855734843" name="All files">
    <metrics statements="19" coveredstatements="11" conditionals="0" coveredconditionals="0" methods="8" coveredmethods="3" elements="27" coveredelements="14" complexity="0" loc="19" ncloc="19" packages="2" files="2" classes="2"/>
    <package name="services">
      <metrics statements="16" coveredstatements="9" conditionals="0" coveredconditionals="0" methods="6" coveredmethods="2"/>
      <file name="UserServices.ts" path="D:\code\node-ts-jest\src\services\UserServices.ts">
        <metrics statements="16" coveredstatements="9" conditionals="0" coveredconditionals="0" methods="6" coveredmethods="2"/>
        <line num="1" count="1" type="stmt"/>
        <line num="2" count="1" type="stmt"/>
        <line num="3" count="1" type="stmt"/>
        <line num="7" count="1" type="stmt"/>
        <line num="8" count="1" type="stmt"/>
        <line num="10" count="1" type="stmt"/>
        <line num="11" count="1" type="stmt"/>
        <line num="14" count="0" type="stmt"/>
        <line num="16" count="1" type="stmt"/>
        <line num="20" count="0" type="stmt"/>
        <line num="21" count="0" type="stmt"/>
        <line num="23" count="0" type="stmt"/>
        <line num="24" count="0" type="stmt"/>
        <line num="27" count="0" type="stmt"/>
        <line num="29" count="0" type="stmt"/>
        <line num="33" count="1" type="stmt"/>
      </file>
    </package>
    <package name="utils">
      <metrics statements="3" coveredstatements="2" conditionals="0" coveredconditionals="0" methods="2" coveredmethods="1"/>
      <file name="UserUtils.ts" path="D:\code\node-ts-jest\src\utils\UserUtils.ts">
        <metrics statements="3" coveredstatements="2" conditionals="0" coveredconditionals="0" methods="2" coveredmethods="1"/>
        <line num="3" count="1" type="stmt"/>
        <line num="11" count="0" type="stmt"/>
        <line num="19" count="1" type="stmt"/>
      </file>
    </package>
  </project>
</coverage>
