{"D:\\code\\node-ts-jest\\src\\services\\UserServices.ts": {"path":"D:\\code\\node-ts-jest\\src\\services\\UserServices.ts","statementMap":{"0":{"start":{"line":1,"column":0},"end":{"line":1,"column":43}},"1":{"start":{"line":2,"column":0},"end":{"line":2,"column":26}},"2":{"start":{"line":3,"column":0},"end":{"line":3,"column":37}},"3":{"start":{"line":7,"column":23},"end":{"line":7,"column":25}},"4":{"start":{"line":8,"column":4},"end":{"line":15,"column":9}},"5":{"start":{"line":10,"column":8},"end":{"line":10,"column":42}},"6":{"start":{"line":11,"column":8},"end":{"line":11,"column":79}},"7":{"start":{"line":14,"column":8},"end":{"line":14,"column":18}},"8":{"start":{"line":16,"column":4},"end":{"line":16,"column":41}},"9":{"start":{"line":20,"column":30},"end":{"line":20,"column":32}},"10":{"start":{"line":21,"column":4},"end":{"line":28,"column":9}},"11":{"start":{"line":23,"column":8},"end":{"line":23,"column":48}},"12":{"start":{"line":24,"column":8},"end":{"line":24,"column":61}},"13":{"start":{"line":27,"column":8},"end":{"line":27,"column":18}},"14":{"start":{"line":29,"column":4},"end":{"line":29,"column":23}},"15":{"start":{"line":33,"column":0},"end":{"line":33,"column":34}}},"fnMap":{"0":{"name":"(anonymous_8)","decl":{"start":{"line":6,"column":8},"end":{"line":6,"column":20}},"loc":{"start":{"line":6,"column":20},"end":{"line":17,"column":null}}},"1":{"name":"(anonymous_10)","decl":{"start":{"line":9,"column":12},"end":{"line":9,"column":13}},"loc":{"start":{"line":9,"column":25},"end":{"line":12,"column":7}}},"2":{"name":"(anonymous_11)","decl":{"start":{"line":13,"column":13},"end":{"line":13,"column":14}},"loc":{"start":{"line":13,"column":21},"end":{"line":15,"column":7}}},"3":{"name":"(anonymous_12)","decl":{"start":{"line":19,"column":8},"end":{"line":19,"column":22}},"loc":{"start":{"line":19,"column":37},"end":{"line":30,"column":null}}},"4":{"name":"(anonymous_14)","decl":{"start":{"line":22,"column":12},"end":{"line":22,"column":13}},"loc":{"start":{"line":22,"column":25},"end":{"line":25,"column":7}}},"5":{"name":"(anonymous_15)","decl":{"start":{"line":26,"column":13},"end":{"line":26,"column":14}},"loc":{"start":{"line":26,"column":21},"end":{"line":28,"column":7}}}},"branchMap":{},"s":{"0":1,"1":1,"2":1,"3":1,"4":1,"5":1,"6":1,"7":0,"8":1,"9":0,"10":0,"11":0,"12":0,"13":0,"14":0,"15":1},"f":{"0":1,"1":1,"2":0,"3":0,"4":0,"5":0},"b":{}}
,"D:\\code\\node-ts-jest\\src\\utils\\UserUtils.ts": {"path":"D:\\code\\node-ts-jest\\src\\utils\\UserUtils.ts","statementMap":{"0":{"start":{"line":3,"column":4},"end":{"line":7,"column":6}},"1":{"start":{"line":11,"column":4},"end":{"line":15,"column":6}},"2":{"start":{"line":19,"column":0},"end":{"line":19,"column":31}}},"fnMap":{"0":{"name":"(anonymous_0)","decl":{"start":{"line":2,"column":2},"end":{"line":2,"column":17}},"loc":{"start":{"line":2,"column":17},"end":{"line":8,"column":3}}},"1":{"name":"(anonymous_1)","decl":{"start":{"line":10,"column":2},"end":{"line":10,"column":23}},"loc":{"start":{"line":10,"column":38},"end":{"line":16,"column":3}}}},"branchMap":{},"s":{"0":1,"1":0,"2":1},"f":{"0":1,"1":0},"b":{}}
}
