TN:
SF:src\services\UserServices.ts
FN:6,(anonymous_8)
FN:9,(anonymous_10)
FN:13,(anonymous_11)
FN:19,(anonymous_12)
FN:22,(anonymous_14)
FN:26,(anonymous_15)
FNF:6
FNH:2
FNDA:1,(anonymous_8)
FNDA:1,(anonymous_10)
FNDA:0,(anonymous_11)
FNDA:0,(anonymous_12)
FNDA:0,(anonymous_14)
FNDA:0,(anonymous_15)
DA:1,1
DA:2,1
DA:3,1
DA:7,1
DA:8,1
DA:10,1
DA:11,1
DA:14,0
DA:16,1
DA:20,0
DA:21,0
DA:23,0
DA:24,0
DA:27,0
DA:29,0
DA:33,1
LF:16
LH:9
BRF:0
BRH:0
end_of_record
TN:
SF:src\utils\UserUtils.ts
FN:2,(anonymous_0)
FN:10,(anonymous_1)
FNF:2
FNH:1
FNDA:1,(anonymous_0)
FNDA:0,(anonymous_1)
DA:3,1
DA:11,0
DA:19,1
LF:3
LH:2
BRF:0
BRH:0
end_of_record
